<?xml version="1.0" encoding="UTF-8"?>
<testng-results ignored="0" total="3" passed="3" failed="0" skipped="0">
  <reporter-output>
  </reporter-output>
  <suite started-at="2024-06-27T10:27:34 CEST" name="NopCommerce" finished-at="2024-06-27T10:27:50 CEST" duration-ms="15405">
    <groups>
    </groups>
    <test started-at="2024-06-27T10:27:34 CEST" name="Run On Chrome" finished-at="2024-06-27T10:27:50 CEST" duration-ms="15405">
      <class name="com.nopcommerce.account.Level_26_Environment_03_Java_Properties">
        <test-method is-config="true" signature="deleteFileInReport()[pri:0, instance:com.nopcommerce.account.Level_26_Environment_03_Java_Properties@18e4674d]" started-at="2024-06-27T10:27:34 CEST" name="deleteFileInReport" finished-at="2024-06-27T10:27:34 CEST" duration-ms="82" status="PASS">
          <reporter-output>
          </reporter-output>
        </test-method> <!-- deleteFileInReport -->
        <test-method is-config="true" signature="beforeClass(java.lang.String,java.lang.String)[pri:0, instance:com.nopcommerce.account.Level_26_Environment_03_Java_Properties@18e4674d]" started-at="2024-06-27T10:27:34 CEST" name="beforeClass" finished-at="2024-06-27T10:27:48 CEST" duration-ms="13468" status="PASS">
          <params>
            <param index="0">
              <value>
                <![CDATA[chrome]]>
              </value>
            </param>
            <param index="1">
              <value>
                <![CDATA[dev]]>
              </value>
            </param>
          </params>
          <reporter-output>
          </reporter-output>
        </test-method> <!-- beforeClass -->
        <test-method signature="User_01_Register_Validate()[pri:0, instance:com.nopcommerce.account.Level_26_Environment_03_Java_Properties@18e4674d]" started-at="2024-06-27T10:27:48 CEST" name="User_01_Register_Validate" finished-at="2024-06-27T10:27:48 CEST" duration-ms="273" status="PASS">
          <reporter-output>
          </reporter-output>
        </test-method> <!-- User_01_Register_Validate -->
        <test-method signature="User_02_Register_Success()[pri:0, instance:com.nopcommerce.account.Level_26_Environment_03_Java_Properties@18e4674d]" started-at="2024-06-27T10:27:50 CEST" name="User_02_Register_Success" finished-at="2024-06-27T10:27:50 CEST" duration-ms="12" status="PASS">
          <reporter-output>
          </reporter-output>
        </test-method> <!-- User_02_Register_Success -->
        <test-method signature="User_03_Login_Success()[pri:0, instance:com.nopcommerce.account.Level_26_Environment_03_Java_Properties@18e4674d]" started-at="2024-06-27T10:27:50 CEST" name="User_03_Login_Success" finished-at="2024-06-27T10:27:50 CEST" duration-ms="32" status="PASS">
          <reporter-output>
          </reporter-output>
        </test-method> <!-- User_03_Login_Success -->
        <test-method is-config="true" signature="afterClass()[pri:0, instance:com.nopcommerce.account.Level_26_Environment_03_Java_Properties@18e4674d]" started-at="2024-06-27T10:27:50 CEST" name="afterClass" finished-at="2024-06-27T10:27:50 CEST" duration-ms="2" status="PASS">
          <reporter-output>
          </reporter-output>
        </test-method> <!-- afterClass -->
      </class> <!-- com.nopcommerce.account.Level_26_Environment_03_Java_Properties -->
    </test> <!-- Run On Chrome -->
  </suite> <!-- NopCommerce -->
</testng-results>
